[2014-07-17 10:29:48][20169][WeChatCallBack.php][process][158][lDEBUG][0] return successfully! | 内容不属于关键字，内容是：课表,#绑定检查的回复是：
[2014-07-17 10:31:33][20170][WeChatCallBack.php][process][158][lDEBUG][0] return successfully! | 内容不属于关键字，内容是：课表,#绑定检查的回复是：
[2014-07-17 10:36:38][20241][WeChatCallBack.php][process][158][lDEBUG][0] return successfully! | 内容不属于关键字，内容是：妈蛋,#绑定检查的回复是：
[2014-07-17 10:40:06][20171][WeChatCallBack.php][process][158][lDEBUG][0] return successfully! | 内容不属于关键字，内容是：你妹,#绑定检查的回复是：
[2014-07-17 10:49:21][20176][WeChatCallBack.php][process][158][lDEBUG][0] return successfully! | 内容不属于关键字，内容是：补考,#绑定检查的回复是：
[2014-07-17 11:02:55][21301][WeChatCallBack.php][process][158][lDEBUG][0] return successfully! | 内容不属于关键字，内容是：补考,#绑定检查的回复是：
[2014-07-17 11:39:17][20232][WeChatCallBack.php][process][158][lDEBUG][0] return successfully! | 内容不属于关键字，内容是：~,#绑定检查的回复是：
[2014-07-17 12:29:59][20175][WeChatCallBack.php][process][158][lDEBUG][0] return successfully! | 内容不属于关键字，内容是：补考时间,#绑定检查的回复是：
[2014-07-17 12:31:19][20170][WeChatCallBack.php][process][158][lDEBUG][0] return successfully! | 内容不属于关键字，内容是：xh20130110170210,#绑定检查的回复是：你的微信已经绑定了学号，直接回复 查成绩 可以查询你本学期的成绩了
[2014-07-17 12:34:43][20169][WeChatCallBack.php][process][158][lDEBUG][0] return successfully! | 内容不属于关键字，内容是：2012512003,#绑定检查的回复是：
[2014-07-17 12:35:07][20171][WeChatCallBack.php][process][158][lDEBUG][0] return successfully! | 内容不属于关键字，内容是：运营二班成绩,#绑定检查的回复是：
[2014-07-17 13:33:24][20241][WeChatCallBack.php][process][158][lDEBUG][0] return successfully! | 内容不属于关键字，内容是：考试成绩,#绑定检查的回复是：
[2014-07-17 17:19:09][20176][WeChatCallBack.php][process][158][lDEBUG][0] return successfully! | 内容不属于关键字，内容是：xh20130310100212,#绑定检查的回复是：你的微信已经绑定了学号，直接回复 查成绩 可以查询你本学期的成绩了
[2014-07-17 18:34:04][22121][WeChatCallBack.php][process][158][lDEBUG][0] return successfully! | 内容不属于关键字，内容是：差成绩,#绑定检查的回复是：
[2014-07-17 19:14:56][20241][WeChatCallBack.php][process][158][lDEBUG][0] return successfully! | 内容不属于关键字，内容是：xh20130110090207,#绑定检查的回复是：你的微信已经绑定了学号，直接回复 查成绩 可以查询你本学期的成绩了
[2014-07-17 20:05:27][30925][WeChatCallBack.php][process][158][lDEBUG][0] return successfully! | 内容不属于关键字，内容是：补考信息查询,#绑定检查的回复是：
[2014-07-17 20:05:53][20169][WeChatCallBack.php][process][158][lDEBUG][0] return successfully! | 内容不属于关键字，内容是：补考信息查询,#绑定检查的回复是：
[2014-07-17 20:19:10][20176][WeChatCallBack.php][process][158][lDEBUG][0] return successfully! | 内容不属于关键字，内容是：目录,#绑定检查的回复是：
[2014-07-17 22:47:46][20664][WeChatCallBack.php][process][158][lDEBUG][0] return successfully! | 内容不属于关键字，内容是：查成,#绑定检查的回复是：
[2014-07-17 23:40:34][20176][WeChatCallBack.php][process][158][lDEBUG][0] return successfully! | 内容不属于关键字，内容是：小新你好,#绑定检查的回复是：
